0 info it worked if it ends with ok
1 verbose cli [ '/usr/local/bin/node',
1 verbose cli   '/usr/local/bin/npm',
1 verbose cli   'install',
1 verbose cli   '-g',
1 verbose cli   'moment' ]
2 info using npm@2.14.7
3 info using node@v4.2.2
4 verbose install initial load of /usr/local/lib/package.json
5 verbose readDependencies loading dependencies from /usr/local/lib/package.json
6 silly cache add args [ 'moment', null ]
7 verbose cache add spec moment
8 silly cache add parsed spec Result {
8 silly cache add   raw: 'moment',
8 silly cache add   scope: null,
8 silly cache add   name: 'moment',
8 silly cache add   rawSpec: '',
8 silly cache add   spec: '*',
8 silly cache add   type: 'range' }
9 silly addNamed moment@*
10 verbose addNamed "*" is a valid semver range for moment
11 silly addNameRange { name: 'moment', range: '*', hasData: false }
12 silly mapToRegistry name moment
13 silly mapToRegistry using default registry
14 silly mapToRegistry registry https://registry.npmjs.org/
15 silly mapToRegistry uri https://registry.npmjs.org/moment
16 verbose addNameRange registry:https://registry.npmjs.org/moment not in flight; fetching
17 verbose request uri https://registry.npmjs.org/moment
18 verbose request no auth needed
19 info attempt registry request try #1 at 12:18:15
20 verbose request id 4fbea079e8fa99cb
21 verbose etag "1YYQOGQPC4H6OD9V3MNIYD23D"
22 http request GET https://registry.npmjs.org/moment
23 http 304 https://registry.npmjs.org/moment
24 verbose headers { date: 'Tue, 15 Dec 2015 11:18:15 GMT',
24 verbose headers   via: '1.1 varnish',
24 verbose headers   'cache-control': 'max-age=300',
24 verbose headers   etag: '"1YYQOGQPC4H6OD9V3MNIYD23D"',
24 verbose headers   age: '290',
24 verbose headers   connection: 'keep-alive',
24 verbose headers   'x-served-by': 'cache-lhr6326-LHR',
24 verbose headers   'x-cache': 'HIT',
24 verbose headers   'x-cache-hits': '5',
24 verbose headers   'x-timer': 'S1450178295.364425,VS0,VE0',
24 verbose headers   vary: 'Accept' }
25 silly get cb [ 304,
25 silly get   { date: 'Tue, 15 Dec 2015 11:18:15 GMT',
25 silly get     via: '1.1 varnish',
25 silly get     'cache-control': 'max-age=300',
25 silly get     etag: '"1YYQOGQPC4H6OD9V3MNIYD23D"',
25 silly get     age: '290',
25 silly get     connection: 'keep-alive',
25 silly get     'x-served-by': 'cache-lhr6326-LHR',
25 silly get     'x-cache': 'HIT',
25 silly get     'x-cache-hits': '5',
25 silly get     'x-timer': 'S1450178295.364425,VS0,VE0',
25 silly get     vary: 'Accept' } ]
26 verbose etag https://registry.npmjs.org/moment from cache
27 verbose get saving moment to /Users/olivier/.npm/registry.npmjs.org/moment/.cache.json
28 silly addNameRange number 2 { name: 'moment', range: '*', hasData: true }
29 silly addNameRange versions [ 'moment',
29 silly addNameRange   [ '1.0.0',
29 silly addNameRange     '1.0.1',
29 silly addNameRange     '1.1.0',
29 silly addNameRange     '1.1.1',
29 silly addNameRange     '1.2.0',
29 silly addNameRange     '1.3.0',
29 silly addNameRange     '1.4.0',
29 silly addNameRange     '1.5.0',
29 silly addNameRange     '1.5.1',
29 silly addNameRange     '1.6.0',
29 silly addNameRange     '1.6.1',
29 silly addNameRange     '1.6.2',
29 silly addNameRange     '1.7.0',
29 silly addNameRange     '1.7.1',
29 silly addNameRange     '1.7.2',
29 silly addNameRange     '2.0.0',
29 silly addNameRange     '2.1.0',
29 silly addNameRange     '2.2.1',
29 silly addNameRange     '2.3.0',
29 silly addNameRange     '2.3.1',
29 silly addNameRange     '2.4.0',
29 silly addNameRange     '2.5.0',
29 silly addNameRange     '2.5.1',
29 silly addNameRange     '2.6.0',
29 silly addNameRange     '2.7.0',
29 silly addNameRange     '2.8.1',
29 silly addNameRange     '2.8.2',
29 silly addNameRange     '2.8.3',
29 silly addNameRange     '2.8.4',
29 silly addNameRange     '2.9.0',
29 silly addNameRange     '2.10.2',
29 silly addNameRange     '2.10.3',
29 silly addNameRange     '2.10.5',
29 silly addNameRange     '2.10.6' ] ]
30 silly addNamed moment@2.10.6
31 verbose addNamed "2.10.6" is a plain semver version for moment
32 silly cache afterAdd moment@2.10.6
33 verbose afterAdd /Users/olivier/.npm/moment/2.10.6/package/package.json not in flight; writing
34 verbose afterAdd /Users/olivier/.npm/moment/2.10.6/package/package.json written
35 silly install resolved [ { name: 'moment',
35 silly install resolved     version: '2.10.6',
35 silly install resolved     description: 'Parse, validate, manipulate, and display dates',
35 silly install resolved     homepage: 'http://momentjs.com',
35 silly install resolved     author:
35 silly install resolved      { name: 'Iskren Ivov Chernev',
35 silly install resolved        email: 'iskren.chernev@gmail.com',
35 silly install resolved        url: 'https://github.com/ichernev' },
35 silly install resolved     contributors: [ [Object], [Object], [Object], [Object], [Object] ],
35 silly install resolved     keywords:
35 silly install resolved      [ 'moment',
35 silly install resolved        'date',
35 silly install resolved        'time',
35 silly install resolved        'parse',
35 silly install resolved        'format',
35 silly install resolved        'validate',
35 silly install resolved        'i18n',
35 silly install resolved        'l10n',
35 silly install resolved        'ender' ],
35 silly install resolved     main: './moment.js',
35 silly install resolved     engines: { node: '*' },
35 silly install resolved     repository: { type: 'git', url: 'git+https://github.com/moment/moment.git' },
35 silly install resolved     bugs: { url: 'https://github.com/moment/moment/issues' },
35 silly install resolved     license: 'MIT',
35 silly install resolved     devDependencies:
35 silly install resolved      { 'uglify-js': 'latest',
35 silly install resolved        'es6-promise': 'latest',
35 silly install resolved        grunt: 'latest',
35 silly install resolved        benchmark: 'latest',
35 silly install resolved        esperanto: 'latest',
35 silly install resolved        'grunt-contrib-clean': 'latest',
35 silly install resolved        'grunt-contrib-concat': 'latest',
35 silly install resolved        'grunt-contrib-copy': 'latest',
35 silly install resolved        'grunt-contrib-jshint': 'latest',
35 silly install resolved        'grunt-contrib-uglify': 'latest',
35 silly install resolved        'grunt-contrib-watch': 'latest',
35 silly install resolved        'grunt-env': 'latest',
35 silly install resolved        'grunt-jscs': 'latest',
35 silly install resolved        'grunt-karma': 'latest',
35 silly install resolved        'grunt-nuget': 'latest',
35 silly install resolved        'grunt-benchmark': 'latest',
35 silly install resolved        'grunt-string-replace': 'latest',
35 silly install resolved        'grunt-exec': 'latest',
35 silly install resolved        'load-grunt-tasks': 'latest',
35 silly install resolved        karma: 'latest',
35 silly install resolved        'karma-chrome-launcher': 'latest',
35 silly install resolved        'karma-firefox-launcher': 'latest',
35 silly install resolved        'karma-qunit': 'latest',
35 silly install resolved        'karma-sauce-launcher': 'latest',
35 silly install resolved        qunit: '^0.7.5',
35 silly install resolved        'qunit-cli': '^0.1.4',
35 silly install resolved        spacejam: 'latest',
35 silly install resolved        coveralls: '^2.11.2',
35 silly install resolved        nyc: '^2.1.4' },
35 silly install resolved     ender: './ender.js',
35 silly install resolved     dojoBuild: 'package.js',
35 silly install resolved     jspm: { files: [Object], map: [Object], buildConfig: [Object] },
35 silly install resolved     scripts:
35 silly install resolved      { test: 'grunt test',
35 silly install resolved        coverage: 'nyc npm test && nyc report',
35 silly install resolved        coveralls: 'nyc npm test && nyc report --reporter=text-lcov | coveralls' },
35 silly install resolved     spm: { main: 'moment.js', output: [Object] },
35 silly install resolved     _id: 'moment@2.10.6',
35 silly install resolved     dist:
35 silly install resolved      { shasum: '6cb21967c79cba7b0ca5e66644f173662b3efa77',
35 silly install resolved        tarball: 'http://registry.npmjs.org/moment/-/moment-2.10.6.tgz' },
35 silly install resolved     _from: 'moment@*',
35 silly install resolved     _npmVersion: '1.4.6',
35 silly install resolved     _npmUser: { name: 'ichernev', email: 'iskren.chernev@gmail.com' },
35 silly install resolved     maintainers: [ [Object], [Object] ],
35 silly install resolved     directories: {},
35 silly install resolved     _shasum: '6cb21967c79cba7b0ca5e66644f173662b3efa77',
35 silly install resolved     _resolved: 'https://registry.npmjs.org/moment/-/moment-2.10.6.tgz',
35 silly install resolved     readme: 'ERROR: No README data found!' } ]
36 info install moment@2.10.6 into /usr/local/lib
37 info installOne moment@2.10.6
38 verbose installOne of moment to /usr/local/lib not in flight; installing
39 verbose lock using /Users/olivier/.npm/_locks/moment-18b875c08be9b6ad.lock for /usr/local/lib/node_modules/moment
40 silly install write writing moment 2.10.6 to /usr/local/lib/node_modules/moment
41 verbose unbuild lib/node_modules/moment
42 silly gentlyRm /usr/local/lib/node_modules/moment is being purged from base /usr/local
43 verbose gentlyRm don't care about contents; nuking /usr/local/lib/node_modules/moment
44 verbose tar unpack /Users/olivier/.npm/moment/2.10.6/package.tgz
45 verbose tar unpacking to /usr/local/lib/node_modules/moment
46 silly gentlyRm /usr/local/lib/node_modules/moment is being purged
47 verbose gentlyRm don't care about contents; nuking /usr/local/lib/node_modules/moment
48 silly gunzTarPerm modes [ '755', '644' ]
49 error tar.unpack untar error /Users/olivier/.npm/moment/2.10.6/package.tgz
50 verbose unlock done using /Users/olivier/.npm/_locks/moment-18b875c08be9b6ad.lock for /usr/local/lib/node_modules/moment
51 verbose fstream_path /usr/local/lib/node_modules/moment
52 verbose fstream_type Directory
53 verbose fstream_class DirWriter
54 verbose stack Error: EACCES: permission denied, mkdir '/usr/local/lib/node_modules/moment'
54 verbose stack     at Error (native)
55 verbose fstream_stack /usr/local/lib/node_modules/npm/node_modules/fstream/lib/dir-writer.js:35:25
55 verbose fstream_stack /usr/local/lib/node_modules/npm/node_modules/mkdirp/index.js:47:53
55 verbose fstream_stack FSReqWrap.oncomplete (fs.js:82:15)
56 verbose cwd /Users/olivier/GIT/ECE-NodeJs
57 error Darwin 15.2.0
58 error argv "/usr/local/bin/node" "/usr/local/bin/npm" "install" "-g" "moment"
59 error node v4.2.2
60 error npm  v2.14.7
61 error path /usr/local/lib/node_modules/moment
62 error code EACCES
63 error errno -13
64 error syscall mkdir
65 error Error: EACCES: permission denied, mkdir '/usr/local/lib/node_modules/moment'
65 error     at Error (native)
65 error  { [Error: EACCES: permission denied, mkdir '/usr/local/lib/node_modules/moment']
65 error   errno: -13,
65 error   code: 'EACCES',
65 error   syscall: 'mkdir',
65 error   path: '/usr/local/lib/node_modules/moment',
65 error   fstream_type: 'Directory',
65 error   fstream_path: '/usr/local/lib/node_modules/moment',
65 error   fstream_class: 'DirWriter',
65 error   fstream_stack:
65 error    [ '/usr/local/lib/node_modules/npm/node_modules/fstream/lib/dir-writer.js:35:25',
65 error      '/usr/local/lib/node_modules/npm/node_modules/mkdirp/index.js:47:53',
65 error      'FSReqWrap.oncomplete (fs.js:82:15)' ] }
66 error Please try running this command again as root/Administrator.
67 verbose exit [ -13, true ]
68 verbose unbuild lib/node_modules/moment
69 silly gentlyRm /usr/local/lib/node_modules/moment is being purged from base /usr/local
70 verbose gentlyRm don't care about contents; nuking /usr/local/lib/node_modules/moment
